<?xml version="1.0" encoding="UTF-8"?>
<!-- Generated by org.testng.reporters.JUnitXMLReporter -->
<testsuite ignored="0" hostname="LAPTOP-R5TA8NN3" failures="0" tests="4" name="Test" time="13.02" errors="0" timestamp="2022-03-03T11:30:05 CET">
  <testcase classname="Academy.validateTitle" name="validateAppTitle" time="0.028"/>
  <testcase classname="Academy.ValidateNavigation" name="basePageNavigation" time="0.029"/>
  <testcase classname="Academy.HomePage" name="basePageNavigation" time="2.463"/>
  <testcase classname="Academy.HomePage" name="basePageNavigation" time="1.853"/>
</testsuite> <!-- Test -->
