<?xml version="1.0" encoding="UTF-8"?>
<!-- Generated by org.testng.reporters.JUnitXMLReporter -->
<testsuite ignored="0" hostname="LAPTOP-R5TA8NN3" failures="1" tests="1" name="Validating title in the page" time="4.662" errors="0" timestamp="2022-03-04T09:27:30 CET">
  <testcase classname="Academy.validateTitle" name="validateAppTitle" time="0.053">
    <failure type="java.lang.AssertionError" message="expected [FEATURED COUasdRSES] but found [FEATURED COURSES]">
      <![CDATA[java.lang.AssertionError: expected [FEATURED COUasdRSES] but found [FEATURED COURSES]
at Academy.validateTitle.validateAppTitle(validateTitle.java:40)
at java.base/java.util.ArrayList.forEach(ArrayList.java:1511)
... Removed 33 stack frames]]>
    </failure>
  </testcase> <!-- validateAppTitle -->
</testsuite> <!-- Validating title in the page -->
