<?xml version="1.0" encoding="UTF-8"?>
<testsuite xmlns:xsi="http://www.w3.org/2001/XMLSchema-instance" xsi:noNamespaceSchemaLocation="https://maven.apache.org/surefire/maven-surefire-plugin/xsd/surefire-test-report-3.0.xsd" version="3.0" name="TestSuite" time="23.402" tests="4" errors="0" skipped="0" failures="1">
  <properties>
[...]
</properties>
  <testcase name="basePageNavigation" classname="Academy.ValidateNavigation" time="0.033">
    <system-err><![CDATA[SLF4J: Failed to load class "org.slf4j.impl.StaticLoggerBinder".
SLF4J: Defaulting to no-operation (NOP) logger implementation
SLF4J: See http://www.slf4j.org/codes.html#StaticLoggerBinder for further details.
Starting ChromeDriver 97.0.4692.71 (adefa7837d02a07a604c1e6eff0b3a09422ab88d-refs/branch-heads/4692@{#1247}) on port 56841
Only local connections are allowed.
Please see https://chromedriver.chromium.org/security-considerations for suggestions on keeping ChromeDriver safe.
ChromeDriver was started successfully.
[1646382377.444][WARNING]: This version of ChromeDriver has not been tested with Chrome version 98.
mars 04, 2022 9:26:17 FM org.openqa.selenium.remote.ProtocolHandshake createSession
INFO: Detected dialect: W3C
mars 04, 2022 9:26:17 FM org.openqa.selenium.devtools.CdpVersionFinder findNearestMatch
WARNING: Unable to find an exact match for CDP version 98, so returning the closest version found: 97
mars 04, 2022 9:26:17 FM org.openqa.selenium.devtools.CdpVersionFinder findNearestMatch
INFO: Found CDP implementation for version 98 of 97
]]></system-err>
  </testcase>
  <testcase name="basePageNavigation[nonrestricteduserbaskj.com, 123123, Restricted User](1)" classname="Academy.HomePage" time="5.178">
    <system-out><![CDATA[Restricted User]]></system-out>
    <system-err><![CDATA[Starting ChromeDriver 97.0.4692.71 (adefa7837d02a07a604c1e6eff0b3a09422ab88d-refs/branch-heads/4692@{#1247}) on port 62115
Only local connections are allowed.
Please see https://chromedriver.chromium.org/security-considerations for suggestions on keeping ChromeDriver safe.
ChromeDriver was started successfully.
[1646382382.299][WARNING]: This version of ChromeDriver has not been tested with Chrome version 98.
mars 04, 2022 9:26:22 FM org.openqa.selenium.remote.ProtocolHandshake createSession
INFO: Detected dialect: W3C
mars 04, 2022 9:26:22 FM org.openqa.selenium.devtools.CdpVersionFinder findNearestMatch
WARNING: Unable to find an exact match for CDP version 98, so returning the closest version found: 97
mars 04, 2022 9:26:22 FM org.openqa.selenium.devtools.CdpVersionFinder findNearestMatch
INFO: Found CDP implementation for version 98 of 97
]]></system-err>
  </testcase>
  <testcase name="basePageNavigation[restricteduser@laksd.com, 4345345, Non restricted user](2)" classname="Academy.HomePage" time="2.345">
    <system-out><![CDATA[Non restricted user]]></system-out>
  </testcase>
  <testcase name="validateAppTitle" classname="Academy.validateTitle" time="0.288">
    <failure message="expected [FEATURED COUasdRSES] but found [FEATURED COURSES]" type="java.lang.AssertionError"><![CDATA[java.lang.AssertionError: expected [FEATURED COUasdRSES] but found [FEATURED COURSES]
	at Academy.validateTitle.validateAppTitle(validateTitle.java:40)
]]></failure>
    <system-err><![CDATA[Starting ChromeDriver 97.0.4692.71 (adefa7837d02a07a604c1e6eff0b3a09422ab88d-refs/branch-heads/4692@{#1247}) on port 62197
Only local connections are allowed.
Please see https://chromedriver.chromium.org/security-considerations for suggestions on keeping ChromeDriver safe.
ChromeDriver was started successfully.
[1646382391.664][WARNING]: This version of ChromeDriver has not been tested with Chrome version 98.
mars 04, 2022 9:26:31 FM org.openqa.selenium.remote.ProtocolHandshake createSession
INFO: Detected dialect: W3C
mars 04, 2022 9:26:31 FM org.openqa.selenium.devtools.CdpVersionFinder findNearestMatch
WARNING: Unable to find an exact match for CDP version 98, so returning the closest version found: 97
mars 04, 2022 9:26:31 FM org.openqa.selenium.devtools.CdpVersionFinder findNearestMatch
INFO: Found CDP implementation for version 98 of 97
]]></system-err>
  </testcase>
</testsuite>