<?xml version="1.0" encoding="UTF-8"?>
<testng-results ignored="0" total="1" passed="1" failed="0" skipped="0">
  <reporter-output>
  </reporter-output>
  <suite started-at="2022-02-06T17:00:02 CET" name="Default suite" finished-at="2022-02-06T17:00:11 CET" duration-ms="8834">
    <groups>
    </groups>
    <test started-at="2022-02-06T17:00:02 CET" name="Default test" finished-at="2022-02-06T17:00:11 CET" duration-ms="8834">
      <class name="Academy.HomePage">
        <test-method signature="basePageNavigation()[pri:0, instance:Academy.HomePage@611889f4]" started-at="2022-02-06T17:00:02 CET" name="basePageNavigation" finished-at="2022-02-06T17:00:11 CET" duration-ms="8807" status="PASS">
          <reporter-output>
          </reporter-output>
        </test-method> <!-- basePageNavigation -->
      </class> <!-- Academy.HomePage -->
    </test> <!-- Default test -->
  </suite> <!-- Default suite -->
</testng-results>
